<?xml version="1.0" encoding="UTF-8"?>
<!-- Generated by org.testng.reporters.JUnitXMLReporter -->
<testsuite ignored="0" hostname="Rahuls-MacBook-Pro.local" failures="0" tests="27" name="Test" time="275.882" errors="0" timestamp="2024-04-30T19:39:22 IST">
  <testcase classname="com.tests.ShopFiltersTest" name="ShopCatologs" time="15.582"/>
  <testcase classname="com.tests.AddCartTest" name="EditSumofItems" time="13.772"/>
  <testcase classname="com.tests.AddCartTest" name="RemoveCartitems" time="11.607"/>
  <testcase classname="com.tests.Hometest" name="ClickonItem" time="6.298"/>
  <testcase classname="com.tests.Hometest" name="itemWithoutSpecifications" time="0.436"/>
  <testcase classname="com.tests.Hometest" name="FinalitemtoCart" time="0.464"/>
  <testcase classname="com.tests.Hometest" name="addcart" time="7.986"/>
  <testcase classname="com.tests.RegisterAccountTest" name="NewAccountCreate" time="2.419"/>
  <testcase classname="com.tests.RegisterAccountTest" name="NewAccountDetails" time="5.376"/>
  <testcase classname="com.tests.RegisterAccountTest" name="NameFirst" time="3.671"/>
  <testcase classname="com.tests.RegisterAccountTest" name="DuplicateAccount" time="5.733"/>
  <testcase classname="com.tests.SanityCreateAccountTest" name="NewAccountCreate" time="4.33"/>
  <testcase classname="com.tests.SanityCreateAccountTest" name="NameFirst" time="2.49"/>
  <testcase classname="com.tests.SanityCreateAccountTest" name="DuplicateAccount" time="6.253"/>
  <testcase classname="com.tests.SanityCreateAccountTest" name="ForgotPassword" time="4.114"/>
  <testcase classname="com.tests.SanityCreateAccountTest" name="Forgotemail" time="2.996"/>
  <testcase classname="com.tests.SanityCreateAccountTest" name="Weakpassword" time="3.363"/>
  <testcase classname="com.tests.SanityCreateAccountTest" name="ExistedNames" time="11.421"/>
  <testcase classname="com.tests.LoginSanityTest" name="sanityOne" time="7.326"/>
  <testcase classname="com.tests.LoginSanityTest" name="sanityTwo" time="4.647"/>
  <testcase classname="com.tests.LoginSanityTest" name="SanityThree" time="4.672"/>
  <testcase classname="com.tests.LoginSanityTest" name="sanityFour" time="6.49"/>
  <testcase classname="com.tests.LoginSanityTest" name="CreateAccountLogin" time="5.991"/>
  <testcase classname="com.tests.LoginSanityTest" name="invalidPassword" time="6.843"/>
  <testcase classname="com.tests.LoginSanityTest" name="forgotPassword" time="5.928"/>
  <testcase classname="com.tests.LogoutTest" name="logout" time="5.215"/>
  <testcase classname="com.tests.LoginTest" name="ActualLogin" time="10.368"/>
</testsuite> <!-- Test -->
